<?xml version="1.0" encoding="UTF-8"?>
<!-- Generated by org.testng.reporters.JUnitReportReporter -->
<testsuite hostname="DESKTOP-6R86IG7" failures="0" tests="2" name="com.crm.comcast.contacttest.CreateContactTest" time="0.026" errors="0" timestamp="02 May 2024 05:23:11 GMT" skipped="0">
  <testcase classname="com.crm.comcast.contacttest.CreateContactTest" name="CC" time="0.012"/>
  <testcase classname="com.crm.comcast.contacttest.CreateContactTest" name="CCD" time="0.014"/>
</testsuite> <!-- com.crm.comcast.contacttest.CreateContactTest -->
