<?xml version="1.0" encoding="UTF-8"?>
<!-- Generated by org.testng.reporters.JUnitReportReporter -->
<testsuite hostname="DESKTOP-6R86IG7" failures="0" tests="2" name="practice.TestNG.ContactTest" time="0.026" errors="0" timestamp="01 May 2024 04:07:22 GMT" skipped="0">
  <testcase classname="practice.TestNG.ContactTest" name="creatContactTest" time="0.021"/>
  <testcase classname="practice.TestNG.ContactTest" name="createContactWithPhoneNumTest" time="0.005"/>
</testsuite> <!-- practice.TestNG.ContactTest -->
