<?xml version="1.0" encoding="UTF-8"?>
<!-- Generated by org.testng.reporters.JUnitReportReporter -->
<testsuite hostname="DESKTOP-6R86IG7" failures="0" tests="2" name="com.crm.comcast.orgtest.CreateOrgTest" time="0.031" errors="0" timestamp="02 May 2024 05:23:11 GMT" skipped="0">
  <testcase classname="com.crm.comcast.orgtest.CreateOrgTest" name="COWI" time="0.015"/>
  <testcase classname="com.crm.comcast.orgtest.CreateOrgTest" name="CO" time="0.016"/>
</testsuite> <!-- com.crm.comcast.orgtest.CreateOrgTest -->
