<?xml version="1.0" encoding="UTF-8"?>
<!-- Generated by org.testng.reporters.JUnitReportReporter -->
<testsuite hostname="DESKTOP-6R86IG7" failures="0" tests="1" name="practice.datadriventesting.ReadDataFromTestXmlTest" time="0.054" errors="0" timestamp="21 May 2024 07:43:15 GMT" skipped="0">
  <testcase classname="practice.datadriventesting.ReadDataFromTestXmlTest" name="sampletest" time="0.054"/>
</testsuite> <!-- practice.datadriventesting.ReadDataFromTestXmlTest -->
