<?xml version="1.0" encoding="UTF-8"?>
<!-- Generated by org.testng.reporters.JUnitReportReporter -->
<testsuite hostname="DESKTOP-6R86IG7" failures="0" tests="2" name="practice.TestNG.OrderOfExecution_AnnotationsTest" time="0.019" errors="0" timestamp="01 May 2024 10:11:32 GMT" skipped="0">
  <testcase classname="practice.TestNG.OrderOfExecution_AnnotationsTest" name="CC" time="0.016"/>
  <testcase classname="practice.TestNG.OrderOfExecution_AnnotationsTest" name="CCD" time="0.003"/>
</testsuite> <!-- practice.TestNG.OrderOfExecution_AnnotationsTest -->
