<?xml version="1.0" encoding="UTF-8"?>
<!-- Generated by org.testng.reporters.JUnitReportReporter -->
<testsuite hostname="DESKTOP-6R86IG7" failures="0" tests="12" name="practice.TestNG.OrderTest" time="0.067" errors="0" timestamp="30 Apr 2024 10:33:13 GMT" skipped="0">
  <testcase classname="practice.TestNG.OrderTest" name="createContactTest" time="0.008"/>
  <testcase classname="practice.TestNG.OrderTest" name="createContactTest" time="0.003"/>
  <testcase classname="practice.TestNG.OrderTest" name="deleteContactTest" time="0.005"/>
  <testcase classname="practice.TestNG.OrderTest" name="createContactTest" time="0.016"/>
  <testcase classname="practice.TestNG.OrderTest" name="createContactTest" time="0.002"/>
  <testcase classname="practice.TestNG.OrderTest" name="createContactTest" time="0.003"/>
  <testcase classname="practice.TestNG.OrderTest" name="modifyContactTest" time="0.003"/>
  <testcase classname="practice.TestNG.OrderTest" name="createContactTest" time="0.005"/>
  <testcase classname="practice.TestNG.OrderTest" name="createContactTest" time="0.006"/>
  <testcase classname="practice.TestNG.OrderTest" name="createContactTest" time="0.007"/>
  <testcase classname="practice.TestNG.OrderTest" name="createContactTest" time="0.006"/>
  <testcase classname="practice.TestNG.OrderTest" name="createContactTest" time="0.003"/>
</testsuite> <!-- practice.TestNG.OrderTest -->
