<?xml version="1.0" encoding="UTF-8"?>
<!-- Generated by org.testng.reporters.JUnitReportReporter -->
<testsuite hostname="DESKTOP-6R86IG7" failures="0" tests="1" name="practice.datadriventesting.SampleUnitTestCheckProjectInBackEnd" time="0.647" errors="0" timestamp="22 Apr 2024 11:23:02 GMT" skipped="0">
  <testcase classname="practice.datadriventesting.SampleUnitTestCheckProjectInBackEnd" name="projectname" time="0.647"/>
</testsuite> <!-- practice.datadriventesting.SampleUnitTestCheckProjectInBackEnd -->
