<?xml version="1.0" encoding="UTF-8"?>
<!-- Generated by org.testng.reporters.JUnitReportReporter -->
<testsuite hostname="DESKTOP-6R86IG7" failures="0" tests="1" name="practice.pom.repository.SampleTestWithPOM" time="11.847" errors="0" timestamp="29 Apr 2024 11:11:52 GMT" skipped="0">
  <testcase classname="practice.pom.repository.SampleTestWithPOM" name="SampleTest" time="11.847"/>
</testsuite> <!-- practice.pom.repository.SampleTestWithPOM -->
