<?xml version="1.0" encoding="UTF-8"?>
<!-- Generated by org.testng.reporters.JUnitReportReporter -->
<testsuite hostname="DESKTOP-6R86IG7" failures="0" tests="1" name="practice.datadriventesting.ReadRnTimeMavenParameterTest" time="0.018" errors="0" timestamp="20 Apr 2024 05:24:58 GMT" skipped="0">
  <testcase classname="practice.datadriventesting.ReadRnTimeMavenParameterTest" name="runtimeparameterTest" time="0.018"/>
</testsuite> <!-- practice.datadriventesting.ReadRnTimeMavenParameterTest -->
