<?xml version="1.0" encoding="UTF-8"?>
<!-- Generated by org.testng.reporters.JUnitReportReporter -->
<testsuite hostname="DESKTOP-6R86IG7" failures="0" tests="1" name="practice.TestNG.SampleReportTest" time="13.069" errors="0" timestamp="09 May 2024 07:59:29 GMT" skipped="0">
  <testcase classname="practice.TestNG.SampleReportTest" name="createContactTest" time="13.069"/>
</testsuite> <!-- practice.TestNG.SampleReportTest -->
