<?xml version="1.0" encoding="UTF-8"?>
<!-- Generated by org.testng.reporters.JUnitReportReporter -->
<testsuite hostname="DESKTOP-6R86IG7" failures="0" tests="3" name="practice.TestNG.Contact1Test" time="0.030" errors="0" timestamp="30 Apr 2024 06:22:22 GMT" skipped="0">
  <testcase classname="practice.TestNG.Contact1Test" name="createContactTest" time="0.024"/>
  <testcase classname="practice.TestNG.Contact1Test" name="modifyContactTest" time="0.003"/>
  <testcase classname="practice.TestNG.Contact1Test" name="deleteContactTest" time="0.003"/>
</testsuite> <!-- practice.TestNG.Contact1Test -->
