<?xml version="1.0" encoding="UTF-8"?>
<!-- Generated by org.testng.reporters.JUnitReportReporter -->
<testsuite hostname="DESKTOP-6R86IG7" failures="0" tests="3" name="practice.TestNG.CreateContact_DP_Test" time="0.023" errors="0" timestamp="30 Apr 2024 12:00:41 GMT" skipped="0">
  <testcase classname="practice.TestNG.CreateContact_DP_Test" name="createContactTest" time="0.019"/>
  <testcase classname="practice.TestNG.CreateContact_DP_Test" name="createContactTest" time="0.002"/>
  <testcase classname="practice.TestNG.CreateContact_DP_Test" name="createContactTest" time="0.002"/>
</testsuite> <!-- practice.TestNG.CreateContact_DP_Test -->
