<?xml version="1.0" encoding="UTF-8"?>
<!-- Generated by org.testng.reporters.JUnitReportReporter -->
<testsuite hostname="DESKTOP-6R86IG7" failures="0" tests="2" name="practice.TestNG.HomePageVerification" time="50.778" errors="0" timestamp="06 May 2024 08:03:13 GMT" skipped="0">
  <testcase classname="practice.TestNG.HomePageVerification" name="homepageTest" time="25.525"/>
  <testcase classname="practice.TestNG.HomePageVerification" name="verifyLogohomepageTest" time="25.253"/>
</testsuite> <!-- practice.TestNG.HomePageVerification -->
