<?xml version="1.0" encoding="UTF-8"?>
<!-- Generated by org.testng.reporters.JUnitXMLReporter -->
<testsuite ignored="2" hostname="DESKTOP-6R86IG7" failures="0" tests="4" name="Test-2" time="126.44" errors="0" timestamp="2024-05-04T16:10:59 IST">
  <testcase classname="com.comcast.crm.orgTest.CreateOrgTest" name="createOrganizationTest" time="32.64"/>
  <testcase classname="com.comcast.crm.orgTest.CreateOrgTest" name="createOrganizationWithIndustriesType" time="0.0">
    <skipped/>
  </testcase> <!-- createOrganizationWithIndustriesType -->
  <testcase classname="com.comcast.crm.orgTest.CreateOrgTest" name="createOrganizationWithPhoneNum" time="0.0">
    <skipped/>
  </testcase> <!-- createOrganizationWithPhoneNum -->
  <testcase classname="com.comcast.crm.contactTest.CreateContTest" name="createContactTest" time="19.89"/>
  <testcase classname="com.comcast.crm.basetest.BaseClass" name="@BeforeSuite configBS" time="0.0">
    <ignored/>
  </testcase> <!-- @BeforeSuite configBS -->
  <testcase classname="com.comcast.crm.basetest.BaseClass" name="@AfterSuite configAS" time="0.0">
    <ignored/>
  </testcase> <!-- @AfterSuite configAS -->
</testsuite> <!-- Test-2 -->
