<?xml version="1.0" encoding="UTF-8"?>
<!-- Generated by org.testng.reporters.JUnitReportReporter -->
<testsuite hostname="DESKTOP-6R86IG7" failures="0" tests="1" name="com.comcast.crm.contactTest.CreateContactTest" time="27.608" errors="0" timestamp="2024-05-03T11:52:03 IST" skipped="0">
  <testcase classname="com.comcast.crm.contactTest.CreateContactTest" name="createContactTest" time="27.608"/>
</testsuite> <!-- com.comcast.crm.contactTest.CreateContactTest -->
