<?xml version="1.0" encoding="UTF-8"?>
<!-- Generated by org.testng.reporters.JUnitReportReporter -->
<testsuite hostname="DESKTOP-6R86IG7" failures="0" tests="1" name="com.comcast.crm.contactTest.CreateContactWithOrgTest" time="41.798" errors="0" timestamp="2024-05-03T15:06:29 IST" skipped="0">
  <testcase classname="com.comcast.crm.contactTest.CreateContactWithOrgTest" name="createContactWithOrgTest" time="41.798"/>
</testsuite> <!-- com.comcast.crm.contactTest.CreateContactWithOrgTest -->
