<?xml version="1.0" encoding="UTF-8"?>
<!-- Generated by org.testng.reporters.JUnitReportReporter -->
<testsuite hostname="DESKTOP-6R86IG7" failures="0" tests="1" name="practiceTest.AmazonScreenShotTest" time="10.552" errors="0" timestamp="2024-05-07T10:22:22 IST" skipped="0">
  <testcase classname="practiceTest.AmazonScreenShotTest" name="amazonTest" time="10.552"/>
</testsuite> <!-- practiceTest.AmazonScreenShotTest -->
