<?xml version="1.0" encoding="UTF-8"?>
<!-- Generated by org.testng.reporters.JUnitReportReporter -->
<testsuite hostname="DESKTOP-6R86IG7" failures="0" tests="1" name="com.comcast.crm.orgTest.CreateOrganizationWithPhoneNum" time="29.629" errors="0" timestamp="2024-05-03T12:17:16 IST" skipped="0">
  <testcase classname="com.comcast.crm.orgTest.CreateOrganizationWithPhoneNum" name="createOrganizationWithPhoneNum" time="29.629"/>
</testsuite> <!-- com.comcast.crm.orgTest.CreateOrganizationWithPhoneNum -->
