<?xml version="1.0" encoding="UTF-8"?>
<!-- Generated by org.testng.reporters.JUnitReportReporter -->
<testsuite hostname="DESKTOP-6R86IG7" failures="0" tests="1" name="com.comcast.crm.orgTest.CreateOrganizationWithIndustriesType" time="27.016" errors="0" timestamp="2024-05-03T12:14:38 IST" skipped="0">
  <testcase classname="com.comcast.crm.orgTest.CreateOrganizationWithIndustriesType" name="createOrganizationWithIndustriesType" time="27.016"/>
</testsuite> <!-- com.comcast.crm.orgTest.CreateOrganizationWithIndustriesType -->
