<?xml version="1.0" encoding="UTF-8"?>
<!-- Generated by org.testng.reporters.JUnitReportReporter -->
<testsuite hostname="DESKTOP-6R86IG7" failures="0" tests="3" name="practiceTest.GetProductInfoTest" time="37.454" errors="0" timestamp="2024-05-01T10:18:36 IST" skipped="0">
  <testcase classname="practiceTest.GetProductInfoTest" name="getProductInfoTest" time="10.827"/>
  <testcase classname="practiceTest.GetProductInfoTest" name="getProductInfoTest" time="15.544"/>
  <testcase classname="practiceTest.GetProductInfoTest" name="getProductInfoTest" time="11.083"/>
</testsuite> <!-- practiceTest.GetProductInfoTest -->
