<?xml version="1.0" encoding="UTF-8"?>
<!-- Generated by org.testng.reporters.JUnitReportReporter -->
<testsuite hostname="DESKTOP-6R86IG7" failures="0" tests="1" name="com.comcast.crm.contactTest.CreateContactWithSupportDateTest" time="28.572" errors="0" timestamp="2024-05-03T15:42:17 IST" skipped="0">
  <testcase classname="com.comcast.crm.contactTest.CreateContactWithSupportDateTest" name="createContactWithSupportDateTest" time="28.572"/>
</testsuite> <!-- com.comcast.crm.contactTest.CreateContactWithSupportDateTest -->
