<?xml version="1.0" encoding="UTF-8"?>
<!-- Generated by org.testng.reporters.JUnitReportReporter -->
<testsuite hostname="DESKTOP-6R86IG7" failures="0" tests="1" name="com.globalJournies.travelHunk.userTest.bookTourAndVerifyTest" time="17.498" errors="0" timestamp="31 May 2024 17:08:41 GMT" skipped="0">
  <testcase classname="com.globalJournies.travelHunk.userTest.bookTourAndVerifyTest" name="BookTourAndVerifyTest" time="17.498"/>
</testsuite> <!-- com.globalJournies.travelHunk.userTest.bookTourAndVerifyTest -->
