<?xml version="1.0" encoding="UTF-8"?>
<!-- Generated by org.testng.reporters.JUnitReportReporter -->
<testsuite hostname="DESKTOP-6R86IG7" failures="0" tests="1" name="com.globalJournies.travelHunk.adminTest.createTourpackageAndVerifyCountTest" time="7.977" errors="0" timestamp="01 Jun 2024 04:13:09 GMT" skipped="0">
  <testcase classname="com.globalJournies.travelHunk.adminTest.createTourpackageAndVerifyCountTest" name="CreateTourpackageAndVerifyCountTest" time="7.977"/>
</testsuite> <!-- com.globalJournies.travelHunk.adminTest.createTourpackageAndVerifyCountTest -->
